[2023-03-14-09:47:04.889]:service start
[2023-03-14-09:47:04.892]:service2 start
[2023-03-14-09:47:04.906]:imagedown start
[2023-03-14-09:47:09.939]:Sftp setconfig
[2023-03-14-09:47:10.361]:Session Connection Success
[2023-03-14-09:47:10.401]:channel Connection Success
[2023-03-14-09:47:10.406]:2: No such file
[2023-03-14-10:27:25.175]:service start
[2023-03-14-10:27:25.179]:service2 start
[2023-03-14-10:27:25.195]:imagedown start
[2023-03-14-11:04:10.958]:service start
[2023-03-14-11:04:10.962]:service2 start
[2023-03-14-11:04:10.978]:imagedown start
[2023-03-14-11:04:12.026]:MAKE TXT FILE START
[2023-03-14-11:04:13.030]:MAKE TXT FILE START
[2023-03-14-11:04:14.034]:MAKE TXT FILE START
[2023-03-14-11:04:15.046]:MAKE TXT FILE START
[2023-03-14-11:07:02.454]:service start
[2023-03-14-11:07:03.553]:MAKE TXT FILE START
[2023-03-14-11:07:04.567]:MAKE TXT FILE START
[2023-03-14-11:07:05.572]:MAKE TXT FILE START
[2023-03-14-11:07:06.585]:MAKE TXT FILE START
[2023-03-14-11:07:07.597]:MAKE TXT FILE START
[2023-03-14-11:07:08.611]:MAKE TXT FILE START
[2023-03-14-11:07:09.626]:MAKE TXT FILE START
[2023-03-14-11:07:10.640]:MAKE TXT FILE START
[2023-03-14-11:08:08.564]:service start
[2023-03-14-11:08:09.633]:MAKE TXT FILE START
[2023-03-14-11:08:10.645]:MAKE TXT FILE START
[2023-03-14-11:08:11.654]:MAKE TXT FILE START
[2023-03-14-11:08:12.658]:MAKE TXT FILE START
[2023-03-14-11:10:11.519]:service start
[2023-03-14-11:10:12.600]:MAKE TXT FILE START
[2023-03-14-11:10:13.617]:MAKE TXT FILE START
[2023-03-14-11:10:14.629]:MAKE TXT FILE START
[2023-03-14-11:10:15.632]:MAKE TXT FILE START
[2023-03-14-11:10:16.640]:MAKE TXT FILE START
[2023-03-14-11:13:13.111]:service start
[2023-03-14-11:13:14.188]:MAKE TXT FILE START
[2023-03-14-11:13:15.204]:MAKE TXT FILE START
[2023-03-14-11:13:16.216]:MAKE TXT FILE START
[2023-03-14-11:14:29.836]:service start
[2023-03-14-11:14:30.915]:MAKE TXT FILE START
[2023-03-14-11:14:31.917]:MAKE TXT FILE START
[2023-03-14-11:14:32.931]:MAKE TXT FILE START
[2023-03-14-11:14:33.933]:MAKE TXT FILE START
[2023-03-14-11:14:34.948]:MAKE TXT FILE START
[2023-03-14-11:14:35.951]:MAKE TXT FILE START
[2023-03-14-11:18:02.916]:service start
[2023-03-14-11:18:03.990]:MAKE TXT FILE START
[2023-03-14-11:18:05.001]:MAKE TXT FILE START
[2023-03-14-11:18:06.003]:MAKE TXT FILE START
[2023-03-14-11:18:07.014]:MAKE TXT FILE START
[2023-03-14-11:18:08.025]:MAKE TXT FILE START
[2023-03-14-11:18:09.038]:MAKE TXT FILE START
[2023-03-14-11:18:10.051]:MAKE TXT FILE START
[2023-03-14-11:18:11.063]:MAKE TXT FILE START
[2023-03-14-11:18:12.077]:MAKE TXT FILE START
[2023-03-14-11:20:25.092]:service start
[2023-03-14-11:20:26.167]:MAKE TXT FILE START
[2023-03-14-11:20:27.175]:MAKE TXT FILE START
[2023-03-14-11:20:28.187]:MAKE TXT FILE START
[2023-03-14-11:20:29.199]:MAKE TXT FILE START
[2023-03-14-11:22:21.133]:service start
[2023-03-14-11:22:22.212]:MAKE TXT FILE START
[2023-03-14-11:22:23.216]:MAKE TXT FILE START
[2023-03-14-11:22:24.225]:MAKE TXT FILE START
[2023-03-14-11:22:38.182]:service start
[2023-03-14-11:22:39.255]:MAKE TXT FILE START
[2023-03-14-11:22:40.261]:MAKE TXT FILE START
[2023-03-14-11:22:41.263]:MAKE TXT FILE START
[2023-03-14-11:22:42.266]:MAKE TXT FILE START
[2023-03-14-11:23:06.996]:service start
[2023-03-14-11:23:08.069]:MAKE TXT FILE START
[2023-03-14-11:23:09.075]:MAKE TXT FILE START
[2023-03-14-11:23:10.077]:MAKE TXT FILE START
[2023-03-14-11:24:44.996]:service start
[2023-03-14-11:24:46.069]:MAKE TXT FILE START
[2023-03-14-11:24:47.077]:MAKE TXT FILE START
[2023-03-14-11:24:48.087]:MAKE TXT FILE START
[2023-03-14-11:24:49.102]:MAKE TXT FILE START
[2023-03-14-11:24:50.117]:MAKE TXT FILE START
[2023-03-14-11:26:04.332]:service start
[2023-03-14-11:26:05.407]:MAKE TXT FILE START
[2023-03-14-11:26:06.413]:MAKE TXT FILE START
[2023-03-14-11:26:07.418]:MAKE TXT FILE START
[2023-03-14-11:26:08.425]:MAKE TXT FILE START
[2023-03-14-11:26:09.428]:MAKE TXT FILE START
[2023-03-14-11:26:21.077]:service start
[2023-03-14-11:26:22.375]:MAKE TXT FILE START
[2023-03-14-11:26:23.389]:MAKE TXT FILE START
[2023-03-14-11:26:24.398]:MAKE TXT FILE START
[2023-03-14-11:26:25.408]:MAKE TXT FILE START
[2023-03-14-11:26:26.411]:MAKE TXT FILE START
[2023-03-14-11:26:27.418]:MAKE TXT FILE START
[2023-03-14-11:26:28.430]:MAKE TXT FILE START
[2023-03-14-11:26:58.353]:service start
[2023-03-14-11:26:59.634]:MAKE TXT FILE START
[2023-03-14-11:27:00.644]:MAKE TXT FILE START
[2023-03-14-11:27:01.648]:MAKE TXT FILE START
[2023-03-14-11:27:02.660]:MAKE TXT FILE START
[2023-03-14-14:54:06.051]:service start
[2023-03-14-14:54:40.771]:service start
[2023-03-14-14:54:56.592]:service start
[2023-03-14-14:55:13.204]:service start
[2023-03-14-14:55:13.207]:service2 start
[2023-03-14-15:09:27.363]:service start
[2023-03-14-15:09:27.369]:service2 start
[2023-03-14-15:09:28.616]:MAKE TXT FILE START
[2023-03-14-15:09:29.619]:MAKE TXT FILE START
[2023-03-14-15:09:30.626]:MAKE TXT FILE START
[2023-03-14-15:09:31.632]:MAKE TXT FILE START
[2023-03-14-15:09:44.596]:service start
[2023-03-14-15:09:44.599]:service2 start
[2023-03-14-15:09:45.853]:MAKE TXT FILE START
[2023-03-14-15:09:46.687]:MAKE TXT FILE COMPLETE...
[2023-03-14-15:09:46.865]:MAKE TXT FILE START
[2023-03-14-15:09:46.870]:MAKE TXT FILE COMPLETE...
[2023-03-14-15:09:47.876]:MAKE TXT FILE START
[2023-03-14-15:09:47.880]:MAKE TXT FILE COMPLETE...
[2023-03-14-15:09:48.893]:MAKE TXT FILE START
[2023-03-14-15:09:48.897]:MAKE TXT FILE COMPLETE...
[2023-03-14-15:09:49.906]:MAKE TXT FILE START
[2023-03-14-15:09:49.909]:MAKE TXT FILE COMPLETE...
[2023-03-14-15:09:50.921]:MAKE TXT FILE START
[2023-03-14-15:09:50.925]:MAKE TXT FILE COMPLETE...
[2023-03-14-15:12:07.060]:service start
[2023-03-14-15:12:07.064]:service2 start
