[2023-03-15-14:04:15.618]:service start
[2023-03-15-14:04:15.623]:service2 start
[2023-03-15-14:04:15.660]:imagedown start
[2023-03-15-14:04:20.700]:Sftp setconfig
[2023-03-15-14:05:12.165]:service start
[2023-03-15-14:05:12.171]:service2 start
[2023-03-15-14:05:12.197]:imagedown start
[2023-03-15-14:05:17.240]:Sftp setconfig
[2023-03-15-14:05:17.757]:Session Connection Success
[2023-03-15-14:05:17.829]:channel Connection Success
[2023-03-15-14:05:17.835]:2: No such file
[2023-03-15-14:06:17.774]:service start
[2023-03-15-14:06:17.778]:service2 start
[2023-03-15-14:06:17.804]:imagedown start
[2023-03-15-14:06:22.830]:Sftp setconfig
[2023-03-15-14:06:23.259]:Session Connection Success
[2023-03-15-14:06:23.309]:channel Connection Success
[2023-03-15-14:06:23.317]:2: No such file
[2023-03-15-14:07:01.913]:service start
[2023-03-15-14:07:01.916]:service2 start
[2023-03-15-14:07:01.942]:imagedown start
[2023-03-15-14:07:06.986]:Sftp setconfig
[2023-03-15-14:07:07.353]:Session Connection Success
[2023-03-15-14:07:07.404]:channel Connection Success
[2023-03-15-14:07:12.434]:Sftp setconfig
[2023-03-15-14:07:12.628]:Session Connection Success
[2023-03-15-14:07:12.645]:channel Connection Success
[2023-03-15-14:07:17.662]:Sftp setconfig
[2023-03-15-14:07:17.759]:Session Connection Success
[2023-03-15-14:07:17.833]:channel Connection Success
[2023-03-15-14:07:22.847]:Sftp setconfig
[2023-03-15-14:07:23.028]:Session Connection Success
[2023-03-15-14:07:23.067]:channel Connection Success
[2023-03-15-14:07:28.089]:Sftp setconfig
[2023-03-15-14:07:28.236]:Session Connection Success
[2023-03-15-14:07:28.260]:channel Connection Success
[2023-03-15-14:07:33.290]:Sftp setconfig
[2023-03-15-14:07:33.393]:Session Connection Success
[2023-03-15-14:07:33.423]:channel Connection Success
[2023-03-15-14:07:38.438]:Sftp setconfig
[2023-03-15-14:07:38.537]:Session Connection Success
[2023-03-15-14:07:38.607]:channel Connection Success
[2023-03-15-14:07:43.633]:Sftp setconfig
[2023-03-15-14:07:43.869]:Session Connection Success
[2023-03-15-14:07:43.887]:channel Connection Success
[2023-03-15-14:07:50.320]:Sftp setconfig
[2023-03-15-14:07:50.412]:Session Connection Success
[2023-03-15-14:07:50.430]:channel Connection Success
[2023-03-15-14:07:55.447]:Sftp setconfig
[2023-03-15-14:07:55.535]:Session Connection Success
[2023-03-15-14:07:55.601]:channel Connection Success
[2023-03-15-14:08:00.612]:Sftp setconfig
[2023-03-15-14:08:00.697]:Session Connection Success
[2023-03-15-14:08:00.765]:channel Connection Success
[2023-03-15-14:08:05.781]:Sftp setconfig
[2023-03-15-14:08:05.863]:Session Connection Success
[2023-03-15-14:08:05.889]:channel Connection Success
[2023-03-15-14:08:10.899]:Sftp setconfig
[2023-03-15-14:08:11.037]:Session Connection Success
[2023-03-15-14:08:11.057]:channel Connection Success
[2023-03-15-14:08:16.069]:Sftp setconfig
[2023-03-15-14:08:16.188]:Session Connection Success
[2023-03-15-14:08:16.260]:channel Connection Success
[2023-03-15-14:09:22.258]:service start
[2023-03-15-14:09:22.261]:service2 start
[2023-03-15-14:09:22.288]:imagedown start
[2023-03-15-14:09:27.333]:Sftp setconfig
[2023-03-15-14:09:27.816]:Session Connection Success
[2023-03-15-14:09:27.877]:channel Connection Success
[2023-03-15-14:09:27.898]:SFTP disConnection 
[2023-03-15-14:09:27.900]:SFTP disConnection 
[2023-03-15-14:09:32.911]:Sftp setconfig
[2023-03-15-14:09:33.057]:Session Connection Success
[2023-03-15-14:09:33.085]:channel Connection Success
[2023-03-15-14:09:33.093]:SFTP disConnection 
[2023-03-15-14:09:33.094]:SFTP disConnection 
[2023-03-15-14:09:38.105]:Sftp setconfig
[2023-03-15-14:09:38.207]:Session Connection Success
[2023-03-15-14:09:38.235]:channel Connection Success
[2023-03-15-14:09:38.244]:SFTP disConnection 
[2023-03-15-14:09:38.245]:SFTP disConnection 
[2023-03-15-14:09:43.252]:Sftp setconfig
[2023-03-15-14:09:43.348]:Session Connection Success
[2023-03-15-14:09:43.418]:channel Connection Success
[2023-03-15-14:09:43.428]:SFTP disConnection 
[2023-03-15-14:09:43.429]:SFTP disConnection 
[2023-03-15-14:11:11.969]:service start
[2023-03-15-14:11:11.973]:service2 start
[2023-03-15-14:11:12.003]:imagedown start
[2023-03-15-14:11:17.057]:Sftp setconfig
[2023-03-15-14:11:17.466]:Session Connection Success
[2023-03-15-14:11:17.516]:channel Connection Success
[2023-03-15-14:11:17.529]:SFTP Channel disConnection 
[2023-03-15-14:11:17.535]:SFTP session disConnection 
[2023-03-15-14:11:17.537]:SFTP Channel disConnection 
[2023-03-15-14:11:17.538]:SFTP session disConnection 
[2023-03-15-14:11:22.540]:Sftp setconfig
[2023-03-15-14:11:22.647]:Session Connection Success
[2023-03-15-14:11:22.673]:channel Connection Success
[2023-03-15-14:11:22.684]:SFTP Channel disConnection 
[2023-03-15-14:11:22.685]:SFTP session disConnection 
[2023-03-15-14:11:22.687]:SFTP Channel disConnection 
[2023-03-15-14:11:22.688]:SFTP session disConnection 
[2023-03-15-14:11:27.704]:Sftp setconfig
[2023-03-15-14:11:27.843]:Session Connection Success
[2023-03-15-14:11:27.917]:channel Connection Success
[2023-03-15-14:11:27.928]:SFTP Channel disConnection 
[2023-03-15-14:11:27.929]:SFTP session disConnection 
[2023-03-15-14:11:27.932]:SFTP Channel disConnection 
[2023-03-15-14:11:27.933]:SFTP session disConnection 
[2023-03-15-14:17:50.353]:service start
[2023-03-15-14:18:14.247]:service start
[2023-03-15-14:18:15.599]:MAKE TXT FILE START
[2023-03-15-14:18:16.612]:MAKE TXT FILE START
[2023-03-15-14:18:17.628]:MAKE TXT FILE START
[2023-03-15-14:18:18.638]:MAKE TXT FILE START
[2023-03-15-14:18:19.650]:MAKE TXT FILE START
[2023-03-15-14:18:20.666]:MAKE TXT FILE START
[2023-03-15-14:18:21.672]:MAKE TXT FILE START
[2023-03-15-14:18:22.688]:MAKE TXT FILE START
[2023-03-15-14:18:23.698]:MAKE TXT FILE START
[2023-03-15-14:18:24.701]:MAKE TXT FILE START
[2023-03-15-14:18:25.706]:MAKE TXT FILE START
[2023-03-15-14:18:26.715]:MAKE TXT FILE START
[2023-03-15-14:19:15.223]:service start
[2023-03-15-14:19:16.523]:MAKE TXT FILE START
[2023-03-15-14:19:17.333]:MAKE TXT FILE COMPLETE...
[2023-03-15-14:19:17.531]:MAKE TXT FILE START
[2023-03-15-14:19:17.536]:MAKE TXT FILE COMPLETE...
[2023-03-15-14:19:18.535]:MAKE TXT FILE START
[2023-03-15-14:19:18.549]:MAKE TXT FILE COMPLETE...
[2023-03-15-14:19:19.545]:MAKE TXT FILE START
[2023-03-15-14:19:19.552]:MAKE TXT FILE COMPLETE...
[2023-03-15-14:19:20.560]:MAKE TXT FILE START
[2023-03-15-14:19:20.571]:MAKE TXT FILE COMPLETE...
[2023-03-15-14:23:37.342]:service start
[2023-03-15-14:23:38.612]:MAKE TXT FILE START
[2023-03-15-14:23:39.350]:Database Connetion
[2023-03-15-14:23:39.352]:MAKE TXT FILE COMPLETE...
[2023-03-15-14:23:39.626]:MAKE TXT FILE START
[2023-03-15-14:23:39.630]:Database Connetion
[2023-03-15-14:23:39.635]:MAKE TXT FILE COMPLETE...
[2023-03-15-14:23:40.636]:MAKE TXT FILE START
[2023-03-15-14:23:40.640]:Database Connetion
[2023-03-15-14:23:40.645]:MAKE TXT FILE COMPLETE...
[2023-03-15-14:23:41.651]:MAKE TXT FILE START
[2023-03-15-14:23:41.656]:Database Connetion
[2023-03-15-14:23:41.660]:MAKE TXT FILE COMPLETE...
[2023-03-15-14:23:42.669]:MAKE TXT FILE START
[2023-03-15-14:23:42.672]:Database Connetion
[2023-03-15-14:23:42.674]:MAKE TXT FILE COMPLETE...
[2023-03-15-14:34:35.446]:service start
[2023-03-15-14:34:36.734]:MAKE TXT FILE START
[2023-03-15-14:34:37.737]:MAKE TXT FILE START
[2023-03-15-14:34:38.762]:MAKE TXT FILE START
[2023-03-15-14:34:39.773]:MAKE TXT FILE START
[2023-03-15-14:34:40.802]:MAKE TXT FILE START
[2023-03-15-14:34:41.816]:MAKE TXT FILE START
[2023-03-15-14:34:42.823]:MAKE TXT FILE START
[2023-03-15-14:34:43.841]:MAKE TXT FILE START
[2023-03-15-14:34:44.849]:MAKE TXT FILE START
[2023-03-15-14:34:45.861]:MAKE TXT FILE START
[2023-03-15-14:34:46.880]:MAKE TXT FILE START
[2023-03-15-14:34:47.892]:MAKE TXT FILE START
[2023-03-15-14:34:48.901]:MAKE TXT FILE START
[2023-03-15-14:36:29.850]:service start
[2023-03-15-14:36:31.139]:MAKE TXT FILE START
[2023-03-15-14:36:31.932]:Database Connetion
[2023-03-15-14:36:31.940]:Database disConnetion
[2023-03-15-14:36:31.942]:MAKE TXT FILE COMPLETE...
[2023-03-15-14:36:32.147]:MAKE TXT FILE START
[2023-03-15-14:36:32.150]:Database Connetion
[2023-03-15-14:36:32.153]:Database disConnetion
[2023-03-15-14:36:32.155]:MAKE TXT FILE COMPLETE...
[2023-03-15-14:36:33.153]:MAKE TXT FILE START
[2023-03-15-14:36:33.161]:Database Connetion
[2023-03-15-14:36:33.166]:Database disConnetion
[2023-03-15-14:36:33.168]:MAKE TXT FILE COMPLETE...
[2023-03-15-14:36:34.178]:MAKE TXT FILE START
[2023-03-15-14:36:34.188]:Database Connetion
[2023-03-15-14:36:34.196]:Database disConnetion
[2023-03-15-14:36:34.199]:MAKE TXT FILE COMPLETE...
[2023-03-15-14:36:35.187]:MAKE TXT FILE START
[2023-03-15-14:36:35.196]:Database Connetion
[2023-03-15-14:36:35.203]:Database disConnetion
[2023-03-15-14:36:35.206]:MAKE TXT FILE COMPLETE...
[2023-03-15-14:36:36.192]:MAKE TXT FILE START
[2023-03-15-14:36:36.197]:Database Connetion
[2023-03-15-14:36:36.199]:Database disConnetion
[2023-03-15-14:36:36.200]:MAKE TXT FILE COMPLETE...
[2023-03-15-14:36:37.196]:MAKE TXT FILE START
[2023-03-15-14:36:37.199]:Database Connetion
[2023-03-15-14:36:37.203]:Database disConnetion
[2023-03-15-14:36:37.204]:MAKE TXT FILE COMPLETE...
[2023-03-15-14:36:38.206]:MAKE TXT FILE START
[2023-03-15-14:36:38.215]:Database Connetion
[2023-03-15-14:36:38.219]:Database disConnetion
[2023-03-15-14:36:38.221]:MAKE TXT FILE COMPLETE...
[2023-03-15-14:36:39.215]:MAKE TXT FILE START
[2023-03-15-14:36:39.222]:Database Connetion
[2023-03-15-14:36:39.229]:Database disConnetion
[2023-03-15-14:36:39.231]:MAKE TXT FILE COMPLETE...
[2023-03-15-14:36:46.338]:service start
[2023-03-15-14:36:47.714]:MAKE TXT FILE START
[2023-03-15-14:36:48.723]:MAKE TXT FILE START
[2023-03-15-14:36:49.732]:MAKE TXT FILE START
[2023-03-15-14:36:50.747]:MAKE TXT FILE START
[2023-03-15-14:36:51.766]:MAKE TXT FILE START
[2023-03-15-14:36:52.772]:MAKE TXT FILE START
[2023-03-15-14:36:53.787]:MAKE TXT FILE START
[2023-03-15-14:36:54.801]:MAKE TXT FILE START
[2023-03-15-14:36:55.808]:MAKE TXT FILE START
[2023-03-15-14:36:56.813]:MAKE TXT FILE START
[2023-03-15-14:36:57.828]:MAKE TXT FILE START
[2023-03-15-14:36:58.848]:MAKE TXT FILE START
[2023-03-15-14:38:07.737]:service start
[2023-03-15-14:38:09.020]:MAKE TXT FILE START
[2023-03-15-14:38:10.030]:MAKE TXT FILE START
[2023-03-15-14:38:11.036]:MAKE TXT FILE START
[2023-03-15-14:38:12.052]:MAKE TXT FILE START
[2023-03-15-14:38:13.068]:MAKE TXT FILE START
[2023-03-15-14:38:23.765]:service start
[2023-03-15-14:38:25.025]:MAKE TXT FILE START
[2023-03-15-14:38:25.035]:Database Connetion errorjava.sql.SQLException: Configuration file not found
[2023-03-15-14:38:26.038]:MAKE TXT FILE START
[2023-03-15-14:38:26.048]:Database Connetion errorjava.sql.SQLException: Configuration file not found
[2023-03-15-14:38:27.045]:MAKE TXT FILE START
[2023-03-15-14:38:27.053]:Database Connetion errorjava.sql.SQLException: Configuration file not found
[2023-03-15-14:38:28.053]:MAKE TXT FILE START
[2023-03-15-14:38:28.060]:Database Connetion errorjava.sql.SQLException: Configuration file not found
[2023-03-15-14:38:29.068]:MAKE TXT FILE START
[2023-03-15-14:38:29.072]:Database Connetion errorjava.sql.SQLException: Configuration file not found
[2023-03-15-14:38:42.289]:service start
[2023-03-15-14:38:43.558]:MAKE TXT FILE START
[2023-03-15-14:38:44.576]:MAKE TXT FILE START
[2023-03-15-14:38:45.596]:MAKE TXT FILE START
[2023-03-15-14:38:46.610]:MAKE TXT FILE START
[2023-03-15-14:38:47.616]:MAKE TXT FILE START
[2023-03-15-14:38:59.436]:service start
[2023-03-15-14:39:00.739]:MAKE TXT FILE START
[2023-03-15-14:39:01.459]:Database Connetion
[2023-03-15-14:39:01.462]:Database disConnetion
[2023-03-15-14:39:01.463]:MAKE TXT FILE COMPLETE...
[2023-03-15-14:39:01.744]:MAKE TXT FILE START
[2023-03-15-14:39:01.753]:Database Connetion
[2023-03-15-14:39:01.759]:Database disConnetion
[2023-03-15-14:39:01.762]:MAKE TXT FILE COMPLETE...
[2023-03-15-14:39:02.754]:MAKE TXT FILE START
[2023-03-15-14:39:02.757]:Database Connetion
[2023-03-15-14:39:02.759]:Database disConnetion
[2023-03-15-14:39:02.761]:MAKE TXT FILE COMPLETE...
[2023-03-15-14:39:03.765]:MAKE TXT FILE START
[2023-03-15-14:39:03.774]:Database Connetion
[2023-03-15-14:39:03.778]:Database disConnetion
[2023-03-15-14:39:03.779]:MAKE TXT FILE COMPLETE...
[2023-03-15-14:39:04.783]:MAKE TXT FILE START
[2023-03-15-14:39:04.789]:Database Connetion
[2023-03-15-14:39:04.793]:Database disConnetion
[2023-03-15-14:39:04.794]:MAKE TXT FILE COMPLETE...
[2023-03-15-14:41:01.628]:service start
[2023-03-15-14:41:02.927]:MAKE TXT FILE START
[2023-03-15-14:41:03.688]:Database Connetion
[2023-03-15-14:41:03.695]:Database disConnetion
[2023-03-15-14:41:03.696]:MAKE TXT FILE COMPLETE...
[2023-03-15-14:41:03.933]:MAKE TXT FILE START
[2023-03-15-14:41:03.937]:Database Connetion
[2023-03-15-14:41:03.940]:Database disConnetion
[2023-03-15-14:41:03.941]:MAKE TXT FILE COMPLETE...
[2023-03-15-14:41:04.945]:MAKE TXT FILE START
[2023-03-15-14:41:04.954]:Database Connetion
[2023-03-15-14:41:04.961]:Database disConnetion
[2023-03-15-14:41:04.965]:MAKE TXT FILE COMPLETE...
[2023-03-15-14:41:05.962]:MAKE TXT FILE START
[2023-03-15-14:41:05.968]:Database Connetion
[2023-03-15-14:41:05.972]:Database disConnetion
[2023-03-15-14:41:05.973]:MAKE TXT FILE COMPLETE...
[2023-03-15-14:41:32.659]:service start
[2023-03-15-14:41:33.954]:MAKE TXT FILE START
[2023-03-15-14:41:34.959]:MAKE TXT FILE START
[2023-03-15-14:41:35.974]:MAKE TXT FILE START
[2023-03-15-14:41:36.978]:MAKE TXT FILE START
[2023-03-15-14:41:37.984]:MAKE TXT FILE START
[2023-03-15-14:41:38.999]:MAKE TXT FILE START
[2023-03-15-14:41:40.018]:MAKE TXT FILE START
[2023-03-15-14:41:41.031]:MAKE TXT FILE START
[2023-03-15-14:43:17.884]:service start
[2023-03-15-14:43:19.186]:MAKE TXT FILE START
[2023-03-15-14:43:20.200]:MAKE TXT FILE START
[2023-03-15-14:43:21.207]:MAKE TXT FILE START
[2023-03-15-14:43:22.213]:MAKE TXT FILE START
[2023-03-15-14:43:23.230]:MAKE TXT FILE START
[2023-03-15-14:43:24.240]:MAKE TXT FILE START
[2023-03-15-14:43:25.257]:MAKE TXT FILE START
[2023-03-15-14:43:26.274]:MAKE TXT FILE START
[2023-03-15-14:44:01.724]:service start
[2023-03-15-14:44:02.997]:MAKE TXT FILE START
[2023-03-15-14:44:04.001]:MAKE TXT FILE START
[2023-03-15-14:44:18.849]:service start
[2023-03-15-14:44:20.122]:MAKE TXT FILE START
[2023-03-15-14:44:20.830]:Database disConnetion
[2023-03-15-14:44:20.831]:MAKE TXT FILE COMPLETE...
[2023-03-15-14:44:21.133]:MAKE TXT FILE START
[2023-03-15-14:44:21.144]:Database disConnetion
[2023-03-15-14:44:21.148]:MAKE TXT FILE COMPLETE...
[2023-03-15-14:44:22.146]:MAKE TXT FILE START
[2023-03-15-14:44:22.156]:Database disConnetion
[2023-03-15-14:44:22.158]:MAKE TXT FILE COMPLETE...
[2023-03-15-14:44:23.165]:MAKE TXT FILE START
[2023-03-15-14:44:23.170]:Database disConnetion
[2023-03-15-14:44:23.171]:MAKE TXT FILE COMPLETE...
[2023-03-15-14:44:35.283]:service start
[2023-03-15-14:44:36.541]:MAKE TXT FILE START
[2023-03-15-14:44:37.573]:MAKE TXT FILE START
[2023-03-15-14:44:38.580]:MAKE TXT FILE START
[2023-03-15-14:44:39.583]:MAKE TXT FILE START
[2023-03-15-14:44:40.590]:MAKE TXT FILE START
[2023-03-15-14:44:41.604]:MAKE TXT FILE START
[2023-03-15-14:49:15.734]:service start
[2023-03-15-14:49:17.011]:MAKE TXT FILE START
[2023-03-15-14:49:17.815]:Database Connetion
[2023-03-15-14:49:17.862]:IC_CODE COUNT :1
[2023-03-15-14:49:17.871]:In IC_CODE Search complete
[2023-03-15-14:49:17.901]:In officecode Search complete
[2023-03-15-14:49:18.027]:MAKE TXT FILE START
[2023-03-15-14:49:18.104]:Database Connetion
[2023-03-15-14:49:18.107]:IC_CODE COUNT :1
[2023-03-15-14:49:18.109]:In IC_CODE Search complete
[2023-03-15-14:49:18.135]:In officecode Search complete
[2023-03-15-14:49:19.031]:MAKE TXT FILE START
[2023-03-15-14:49:19.110]:Database Connetion
[2023-03-15-14:49:19.113]:IC_CODE COUNT :1
[2023-03-15-14:49:19.115]:In IC_CODE Search complete
[2023-03-15-14:49:19.137]:In officecode Search complete
[2023-03-15-14:49:20.043]:MAKE TXT FILE START
[2023-03-15-14:49:20.130]:Database Connetion
[2023-03-15-14:49:20.133]:IC_CODE COUNT :1
[2023-03-15-14:49:20.135]:In IC_CODE Search complete
[2023-03-15-14:49:20.161]:In officecode Search complete
[2023-03-15-14:49:21.046]:MAKE TXT FILE START
[2023-03-15-14:49:21.137]:Database Connetion
[2023-03-15-14:49:21.141]:IC_CODE COUNT :1
[2023-03-15-14:49:21.142]:In IC_CODE Search complete
[2023-03-15-14:49:21.163]:In officecode Search complete
[2023-03-15-14:50:54.602]:service start
[2023-03-15-14:50:55.913]:MAKE TXT FILE START
[2023-03-15-14:50:56.599]:Database Connetion
[2023-03-15-14:50:56.635]:IC_CODE COUNT :1
[2023-03-15-14:50:56.645]:In IC_CODE Search complete
[2023-03-15-14:50:56.672]:In officecode Search complete
[2023-03-15-14:50:56.923]:MAKE TXT FILE START
[2023-03-15-14:50:57.061]:Database Connetion
[2023-03-15-14:50:57.064]:IC_CODE COUNT :1
[2023-03-15-14:50:57.066]:In IC_CODE Search complete
[2023-03-15-14:50:57.087]:In officecode Search complete
[2023-03-15-14:50:57.926]:MAKE TXT FILE START
[2023-03-15-14:50:57.993]:Database Connetion
[2023-03-15-14:50:57.995]:IC_CODE COUNT :1
[2023-03-15-14:50:57.997]:In IC_CODE Search complete
[2023-03-15-14:50:58.022]:In officecode Search complete
[2023-03-15-14:50:58.931]:MAKE TXT FILE START
[2023-03-15-14:50:59.024]:Database Connetion
[2023-03-15-14:50:59.026]:IC_CODE COUNT :1
[2023-03-15-14:50:59.028]:In IC_CODE Search complete
[2023-03-15-14:50:59.046]:In officecode Search complete
[2023-03-15-14:50:59.934]:MAKE TXT FILE START
[2023-03-15-14:50:59.993]:Database Connetion
[2023-03-15-14:50:59.996]:IC_CODE COUNT :1
[2023-03-15-14:50:59.996]:In IC_CODE Search complete
[2023-03-15-14:51:00.022]:In officecode Search complete
[2023-03-15-14:51:00.938]:MAKE TXT FILE START
[2023-03-15-14:51:01.011]:Database Connetion
[2023-03-15-14:51:01.014]:IC_CODE COUNT :1
[2023-03-15-14:51:01.015]:In IC_CODE Search complete
[2023-03-15-14:51:01.036]:In officecode Search complete
[2023-03-15-14:54:17.603]:service start
[2023-03-15-14:54:18.907]:MAKE TXT FILE START
[2023-03-15-14:54:19.671]:Database Connetion
[2023-03-15-14:54:19.676]:Database disConnetion
[2023-03-15-14:54:19.678]:MAKE TXT FILE COMPLETE...
[2023-03-15-14:54:19.916]:MAKE TXT FILE START
[2023-03-15-14:54:19.923]:Database Connetion
[2023-03-15-14:54:19.927]:Database disConnetion
[2023-03-15-14:54:19.929]:MAKE TXT FILE COMPLETE...
[2023-03-15-14:54:20.924]:MAKE TXT FILE START
[2023-03-15-14:54:20.934]:Database Connetion
[2023-03-15-14:54:20.941]:Database disConnetion
[2023-03-15-14:54:20.944]:MAKE TXT FILE COMPLETE...
[2023-03-15-14:54:21.939]:MAKE TXT FILE START
[2023-03-15-14:54:21.946]:Database Connetion
[2023-03-15-14:54:21.949]:Database disConnetion
[2023-03-15-14:54:21.950]:MAKE TXT FILE COMPLETE...
[2023-03-15-14:54:22.957]:MAKE TXT FILE START
[2023-03-15-14:54:22.965]:Database Connetion
[2023-03-15-14:54:22.968]:Database disConnetion
[2023-03-15-14:54:22.970]:MAKE TXT FILE COMPLETE...
[2023-03-15-14:54:23.969]:MAKE TXT FILE START
[2023-03-15-14:54:23.972]:Database Connetion
[2023-03-15-14:54:23.975]:Database disConnetion
[2023-03-15-14:54:23.976]:MAKE TXT FILE COMPLETE...
[2023-03-15-14:54:24.974]:MAKE TXT FILE START
[2023-03-15-14:54:24.983]:Database Connetion
[2023-03-15-14:54:24.988]:Database disConnetion
[2023-03-15-14:54:24.990]:MAKE TXT FILE COMPLETE...
[2023-03-15-14:54:25.990]:MAKE TXT FILE START
[2023-03-15-14:54:25.998]:Database Connetion
[2023-03-15-14:54:26.003]:Database disConnetion
[2023-03-15-14:54:26.004]:MAKE TXT FILE COMPLETE...
[2023-03-15-14:54:26.994]:MAKE TXT FILE START
[2023-03-15-14:54:26.999]:Database Connetion
[2023-03-15-14:54:27.003]:Database disConnetion
[2023-03-15-14:54:27.005]:MAKE TXT FILE COMPLETE...
[2023-03-15-14:54:28.012]:MAKE TXT FILE START
[2023-03-15-14:54:28.015]:Database Connetion
[2023-03-15-14:54:28.018]:Database disConnetion
[2023-03-15-14:54:28.020]:MAKE TXT FILE COMPLETE...
[2023-03-15-14:54:29.019]:MAKE TXT FILE START
[2023-03-15-14:54:29.024]:Database Connetion
[2023-03-15-14:54:29.027]:Database disConnetion
[2023-03-15-14:54:29.029]:MAKE TXT FILE COMPLETE...
[2023-03-15-14:54:31.051]:service start
[2023-03-15-14:54:32.319]:MAKE TXT FILE START
[2023-03-15-14:54:33.099]:Database Connetion
[2023-03-15-14:54:33.133]:IC_CODE COUNT :1
[2023-03-15-14:54:33.142]:In IC_CODE Search complete
[2023-03-15-14:54:33.144]:Database disConnetion
[2023-03-15-14:54:33.146]:MAKE TXT FILE COMPLETE...
[2023-03-15-14:54:33.327]:MAKE TXT FILE START
[2023-03-15-14:54:33.330]:Database Connetion
[2023-03-15-14:54:33.333]:IC_CODE COUNT :1
[2023-03-15-14:54:33.335]:In IC_CODE Search complete
[2023-03-15-14:54:33.338]:Database disConnetion
[2023-03-15-14:54:33.339]:MAKE TXT FILE COMPLETE...
[2023-03-15-14:54:34.330]:MAKE TXT FILE START
[2023-03-15-14:54:34.336]:Database Connetion
[2023-03-15-14:54:34.341]:IC_CODE COUNT :1
[2023-03-15-14:54:34.343]:In IC_CODE Search complete
[2023-03-15-14:54:34.346]:Database disConnetion
[2023-03-15-14:54:34.347]:MAKE TXT FILE COMPLETE...
[2023-03-15-14:54:35.334]:MAKE TXT FILE START
[2023-03-15-14:54:35.338]:Database Connetion
[2023-03-15-14:54:35.340]:IC_CODE COUNT :1
[2023-03-15-14:54:35.343]:In IC_CODE Search complete
[2023-03-15-14:54:35.345]:Database disConnetion
[2023-03-15-14:54:35.346]:MAKE TXT FILE COMPLETE...
[2023-03-15-14:54:36.338]:MAKE TXT FILE START
[2023-03-15-14:54:36.348]:Database Connetion
[2023-03-15-14:54:36.354]:IC_CODE COUNT :1
[2023-03-15-14:54:36.359]:In IC_CODE Search complete
[2023-03-15-14:54:36.362]:Database disConnetion
[2023-03-15-14:54:36.364]:MAKE TXT FILE COMPLETE...
[2023-03-15-14:54:37.344]:MAKE TXT FILE START
[2023-03-15-14:54:37.348]:Database Connetion
[2023-03-15-14:54:37.350]:IC_CODE COUNT :1
[2023-03-15-14:54:37.352]:In IC_CODE Search complete
[2023-03-15-14:54:37.354]:Database disConnetion
[2023-03-15-14:54:37.355]:MAKE TXT FILE COMPLETE...
[2023-03-15-14:54:38.349]:MAKE TXT FILE START
[2023-03-15-14:54:38.354]:Database Connetion
[2023-03-15-14:54:38.357]:IC_CODE COUNT :1
[2023-03-15-14:54:38.360]:In IC_CODE Search complete
[2023-03-15-14:54:38.362]:Database disConnetion
[2023-03-15-14:54:38.363]:MAKE TXT FILE COMPLETE...
[2023-03-15-14:55:02.245]:service start
[2023-03-15-14:55:03.557]:MAKE TXT FILE START
[2023-03-15-14:55:04.282]:Database Connetion
[2023-03-15-14:55:04.593]:MAKE TXT FILE START
[2023-03-15-14:55:04.714]:Database Connetion
[2023-03-15-14:55:05.635]:MAKE TXT FILE START
[2023-03-15-14:55:05.707]:Database Connetion
[2023-03-15-14:55:06.650]:MAKE TXT FILE START
[2023-03-15-14:55:06.721]:Database Connetion
[2023-03-15-14:55:07.669]:MAKE TXT FILE START
[2023-03-15-14:55:07.745]:Database Connetion
[2023-03-15-14:55:08.689]:MAKE TXT FILE START
[2023-03-15-14:55:08.762]:Database Connetion
[2023-03-15-14:55:09.697]:MAKE TXT FILE START
[2023-03-15-14:55:09.769]:Database Connetion
[2023-03-15-14:55:10.707]:MAKE TXT FILE START
[2023-03-15-14:55:10.767]:Database Connetion
[2023-03-15-14:55:11.717]:MAKE TXT FILE START
[2023-03-15-14:55:11.780]:Database Connetion
[2023-03-15-14:55:12.736]:MAKE TXT FILE START
[2023-03-15-14:55:12.800]:Database Connetion
[2023-03-15-14:55:13.755]:MAKE TXT FILE START
[2023-03-15-14:55:14.767]:MAKE TXT FILE START
[2023-03-15-14:55:15.784]:MAKE TXT FILE START
[2023-03-15-14:55:16.796]:MAKE TXT FILE START
[2023-03-15-14:55:17.806]:MAKE TXT FILE START
[2023-03-15-14:55:18.810]:MAKE TXT FILE START
[2023-03-15-14:55:19.827]:MAKE TXT FILE START
[2023-03-15-14:55:42.972]:service start
[2023-03-15-14:57:20.146]:service start
[2023-03-15-14:58:39.709]:service start
[2023-03-15-14:58:40.042]:MAKE TXT FILE START
[2023-03-15-14:58:40.814]:Database Connetion
[2023-03-15-14:58:43.683]:IC_CODE COUNT :1
[2023-03-15-14:58:43.731]:In IC_CODE Search complete
[2023-03-15-14:58:46.240]:Database disConnetion
[2023-03-15-14:58:47.325]:MAKE TXT FILE COMPLETE...
[2023-03-15-15:00:31.439]:service start
[2023-03-15-15:00:31.759]:MAKE TXT FILE START
[2023-03-15-15:00:32.453]:Database Connetion
[2023-03-15-15:00:39.403]:IC_CODE COUNT :1
[2023-03-15-15:00:39.412]:In IC_CODE Search complete
[2023-03-15-15:00:39.452]:In officecode Search complete
[2023-03-15-15:00:39.455]:Database disConnetion
[2023-03-15-15:00:39.457]:MAKE TXT FILE COMPLETE...
[2023-03-15-15:04:00.274]:service start
[2023-03-15-15:04:00.572]:MAKE TXT FILE START
[2023-03-15-15:04:01.305]:Database Connetion
[2023-03-15-15:04:01.352]:IC_CODE COUNT :1
[2023-03-15-15:04:01.363]:In IC_CODE Search complete
[2023-03-15-15:04:01.393]:In officecode Search complete
[2023-03-15-15:10:13.366]:service start
[2023-03-15-15:10:13.370]:service2 start
[2023-03-15-15:10:13.398]:imagedown start
[2023-03-15-15:10:18.441]:Sftp setconfig
[2023-03-15-15:10:18.866]:Session Connection Success
[2023-03-15-15:10:18.915]:channel Connection Success
[2023-03-15-15:10:18.943]:SFTP disConnection 
[2023-03-15-15:10:18.944]:SFTP disConnection 
[2023-03-15-15:10:23.955]:Sftp setconfig
[2023-03-15-15:10:24.099]:Session Connection Success
[2023-03-15-15:10:24.125]:channel Connection Success
[2023-03-15-15:10:24.134]:SFTP disConnection 
[2023-03-15-15:10:24.135]:SFTP disConnection 
[2023-03-15-15:10:29.147]:Sftp setconfig
[2023-03-15-15:10:29.262]:Session Connection Success
[2023-03-15-15:10:29.282]:channel Connection Success
[2023-03-15-15:10:29.291]:SFTP disConnection 
[2023-03-15-15:10:29.294]:SFTP disConnection 
[2023-03-15-15:10:34.300]:Sftp setconfig
[2023-03-15-15:10:34.432]:Session Connection Success
[2023-03-15-15:10:34.460]:channel Connection Success
[2023-03-15-15:10:34.469]:SFTP disConnection 
[2023-03-15-15:10:34.471]:SFTP disConnection 
[2023-03-15-15:14:14.522]:service start
[2023-03-15-15:14:14.525]:service2 start
[2023-03-15-15:14:14.557]:imagedown start
[2023-03-15-15:15:12.155]:service start
[2023-03-15-15:15:12.160]:service2 start
[2023-03-15-15:15:12.195]:imagedown start
